AssessUtil Init 
BuildGraph Init 
DbUtil Init 
CacheUtil Init totalWid:456785 totalPos:456785 totalCont:456785 totalStatus:1083264 totalUsers:360578 
DbUtil Init 
HttpUtil Init 
ParseUtil Init 
PreProcess Init 
totalStatus:1083289 
Spread Init 
StrUtil Init 
TimeUtil Init 
TopicDiscover Init startTime:2009-08-12 00:00:00 query:select count(*) from tagstatus where time < '2009-08-12 00:00:00' 
1 
15 
437 
78 
175 
328 
197 
274 
432 
620 
294 
285 
490 
1383 
2152 
3573 
4586 
3331 
3526 
4979 
5613 
5847 
7041 
6173 
3303 
4536 
5012 
3798 
6356 
6501 
5513 
5042 
5480 
7255 
8433 
9055 
8578 
8488 
7263 
7017 
8070 
8353 
9594 
8979 
18 
2 
30 
7 
414 
8810 
8795 
6827 
7161 
7865 
8855 
5258 
4004 
1592 
3541 
1737 
3079 
4838 
609 
5765 
5 
4994 
1 
4210 
1594 
3374 
4951 
1241 
6289 
12734 
12444 
15985 
15882 
17737 
18399 
19208 
14692 
18411 
21480 
21707 
22442 
24397 
24711 
19042 
1058 
19 
5475 
14 
5365 
5159 
3 
4866 
13124 
26832 
28176 
27198 
26547 
19819 
21562 
28237 
29164 
29528 
30376 
18179 
244 
4468 
5058 
27 
5325 
3065 
2043 
4780 
17 
5073 
5203 
5361 
17 
5655 
7463 
25002 
30819 
32936 
AssessUtil Init 
BuildGraph Init 
DbUtil Init 
CacheUtil Init totalWid:456785 totalPos:456785 totalCont:456785 totalStatus:1083264 totalUsers:360578 
DbUtil Init 
HttpUtil Init 
ParseUtil Init 
PreProcess Init 
totalStatus:1083289 
Spread Init 
StrUtil Init 
TimeUtil Init 
TopicDiscover Init startTime:2009-08-12 00:00:00 query:select count(*) from tagstatus where time < '2009-08-12 00:00:00' 
Spread Init 
0 
0 
0.168366 
1.00744 
0.764275 
1.36111 
1.6773 
3.92406 
2.75748 
5.17492 
5.19196 
5.41457 
6.54688 
7.36103 
8.32849 
12.833 
18.2632 
23.0808 
28.2654 
31.8081 
36.0483 
38.6565 
40.7753 
46.0982 
52.4858 
47.4984 
54.7455 
63.6731 
51.1108 
59.8414 
71.296 
70.9652 
79.35 
77.3651 
83.674 
103.608 
105.129 
112.84 
133.039 
136.993 
143.107 
149.996 
146.167 
157.742 
3.80228 
0 
0.422742 
0.0766662 
0.346446 
79.5991 
150.498 
201.916 
170.45 
180.669 
163.371 
162.085 
153.864 
119.282 
125.836 
136.536 
115.399 
140.579 
88.1229 
85.3466 
1.06892 
0.473118 
0.0823127 
1 
143.799 
113.076 
119.429 
112.444 
148.21 
166.832 
213.224 
195.342 
228.942 
250.719 
271.394 
281.175 
297.717 
359.686 
351.711 
340.774 
340.08 
371.337 
378.015 
380.775 
230.918 
23.0677 
0.68479 
17.9568 
0.881667 
310.528 
2.69666 
0.573005 
298.482 
348.734 
412.249 
452.94 
459.372 
446.442 
483.015 
482.717 
522.87 
553.692 
554.554 
557.872 
139.883 
204.869 
440.02 
15.1644 
0.520408 
393.161 
402.241 
450.268 
7.50701 
0.640349 
371.496 
333.178 
18.6866 
0.668618 
368.94 
393.726 
601.264 
